<?xml version="1.0" encoding="UTF-8"?>
<!-- Generated by org.testng.reporters.JUnitReportReporter -->
<testsuite hostname="MacBookAir" failures="0" tests="1" name="com.demoqa.tests.LoginTests" time="11.748" errors="0" timestamp="2024-12-09T09:58:55 CET" skipped="0">
  <testcase classname="com.demoqa.tests.LoginTests" name="loginPositiveTest" time="11.748"/>
</testsuite> <!-- com.demoqa.tests.LoginTests -->
