<?xml version="1.0" encoding="UTF-8"?>
<!-- Generated by org.testng.reporters.JUnitReportReporter -->
<testsuite hostname="MacBookAir" failures="0" tests="1" name="com.demoqa.tests.SearchBookTests" time="7.646" errors="0" timestamp="2024-12-09T09:58:55 CET" skipped="0">
  <testcase classname="com.demoqa.tests.SearchBookTests" name="searchBookPositiveTest" time="7.646"/>
</testsuite> <!-- com.demoqa.tests.SearchBookTests -->
